2024-11-03 19:14:12,818 [INFO] Activator:176 - 


2024-11-03 19:14:12,819 [INFO] Activator:177 - !SESSION log4j initialized
2024-11-03 19:14:14,999 [INFO] LogOutputStream:77 - [STDOUT_REDIRECT] 
2024-11-03 19:14:23,588 [INFO] ApplicationProperties:184 - Using Application install path: C:\ST\STM32CubeIDE_1.12.0\STM32CubeIDE\plugins\com.st.stm32cube.common.mx_6.12.0.202406281431
2024-11-03 19:14:23,604 [INFO] DbMcusXml:78 - Set database path to: C:\ST\STM32CubeIDE_1.12.0\STM32CubeIDE\plugins\com.st.stm32cube.common.mx_6.12.0.202406281431\\db\/mcu/
2024-11-03 19:14:23,604 [INFO] ApiDb:274 - Set plugin database path to: C:\ST\STM32CubeIDE_1.12.0\STM32CubeIDE\plugins\com.st.stm32cube.common.mx_6.12.0.202406281431\\db\/plugins/boardmanager/
2024-11-03 19:14:23,605 [WARN] ApiDb:259 - Overriding images path with different value:  => C:\ST\STM32CubeIDE_1.12.0\STM32CubeIDE\plugins\com.st.stm32cube.common.mx_6.12.0.202406281431\\db\/plugins/mcufinder/images/
2024-11-03 19:14:23,612 [INFO] ApiDb:250 - Set database path to: C:\Users\Lenovo\.stmcufinder\plugins\mcufinder//mcu/
2024-11-03 19:14:23,613 [INFO] DbMcusAds:125 - Set database path to: C:\Users\Lenovo\.stmcufinder\plugins\mcufinder//mcu/
2024-11-03 19:14:23,614 [INFO] CrossReferenceDbSqlite:203 - Set database path to: C:\Users\Lenovo\.stmcufinder\plugins\mcufinder//mcu/cs/
2024-11-03 19:14:23,708 [INFO] RulesReader:64 - Compatibility file has been processed (297 Rules)
2024-11-03 19:14:23,765 [INFO] DbMcusXml:78 - Set database path to: C:\ST\STM32CubeIDE_1.12.0\STM32CubeIDE\plugins\com.st.stm32cube.common.mx_6.12.0.202406281431\\db\/mcu/
2024-11-03 19:14:23,765 [INFO] ApiDb:274 - Set plugin database path to: C:\ST\STM32CubeIDE_1.12.0\STM32CubeIDE\plugins\com.st.stm32cube.common.mx_6.12.0.202406281431\\db\/plugins/boardmanager/
2024-11-03 19:14:23,765 [INFO] ApiDb:261 - Set plugin images path to: C:\ST\STM32CubeIDE_1.12.0\STM32CubeIDE\plugins\com.st.stm32cube.common.mx_6.12.0.202406281431\\db\/plugins/mcufinder/images/
2024-11-03 19:14:23,765 [WARN] DbFile:41 - Overriding database path with different value: C:\Users\Lenovo\.stmcufinder\plugins\mcufinder/ => C:\Users\Lenovo\.stmcufinder\plugins\mcufinder
2024-11-03 19:14:23,765 [INFO] ApiDb:250 - Set database path to: C:\Users\Lenovo\.stmcufinder\plugins\mcufinder//mcu/
2024-11-03 19:14:23,766 [WARN] DbFile:41 - Overriding database path with different value: C:\Users\Lenovo\.stmcufinder\plugins\mcufinder/ => C:\Users\Lenovo\.stmcufinder\plugins\mcufinder
2024-11-03 19:14:23,766 [INFO] DbMcusAds:125 - Set database path to: C:\Users\Lenovo\.stmcufinder\plugins\mcufinder//mcu/
2024-11-03 19:14:23,766 [WARN] DbFile:41 - Overriding database path with different value: C:\Users\Lenovo\.stmcufinder\plugins\mcufinder/ => C:\Users\Lenovo\.stmcufinder\plugins\mcufinder
2024-11-03 19:14:23,766 [WARN] DbFile:41 - Overriding database path with different value: C:\Users\Lenovo\.stmcufinder\plugins\mcufinder/ => C:\Users\Lenovo\.stmcufinder\plugins\mcufinder
2024-11-03 19:14:23,766 [INFO] CrossReferenceDbSqlite:203 - Set database path to: C:\Users\Lenovo\.stmcufinder\plugins\mcufinder//mcu/cs/
2024-11-03 19:14:23,829 [INFO] MainPanel:268 - HeapMemory: 268435456
2024-11-03 19:14:23,922 [INFO] DbMcusXml:78 - Set database path to: C:\ST\STM32CubeIDE_1.12.0\STM32CubeIDE\plugins\com.st.stm32cube.common.mx_6.12.0.202406281431\\db\/mcu/
2024-11-03 19:14:23,922 [INFO] ApiDb:274 - Set plugin database path to: C:\ST\STM32CubeIDE_1.12.0\STM32CubeIDE\plugins\com.st.stm32cube.common.mx_6.12.0.202406281431\\db\/plugins/boardmanager/
2024-11-03 19:14:23,922 [INFO] ApiDb:261 - Set plugin images path to: C:\ST\STM32CubeIDE_1.12.0\STM32CubeIDE\plugins\com.st.stm32cube.common.mx_6.12.0.202406281431\\db\/plugins/mcufinder/images/
2024-11-03 19:14:23,922 [WARN] DbFile:41 - Overriding database path with different value: C:\Users\Lenovo\.stmcufinder\plugins\mcufinder/ => C:\Users\Lenovo\.stmcufinder\plugins\mcufinder
2024-11-03 19:14:23,922 [INFO] ApiDb:250 - Set database path to: C:\Users\Lenovo\.stmcufinder\plugins\mcufinder//mcu/
2024-11-03 19:14:23,922 [WARN] DbFile:41 - Overriding database path with different value: C:\Users\Lenovo\.stmcufinder\plugins\mcufinder/ => C:\Users\Lenovo\.stmcufinder\plugins\mcufinder
2024-11-03 19:14:23,922 [INFO] DbMcusAds:125 - Set database path to: C:\Users\Lenovo\.stmcufinder\plugins\mcufinder//mcu/
2024-11-03 19:14:23,922 [WARN] DbFile:41 - Overriding database path with different value: C:\Users\Lenovo\.stmcufinder\plugins\mcufinder/ => C:\Users\Lenovo\.stmcufinder\plugins\mcufinder
2024-11-03 19:14:23,922 [WARN] DbFile:41 - Overriding database path with different value: C:\Users\Lenovo\.stmcufinder\plugins\mcufinder/ => C:\Users\Lenovo\.stmcufinder\plugins\mcufinder
2024-11-03 19:14:23,923 [INFO] CrossReferenceDbSqlite:203 - Set database path to: C:\Users\Lenovo\.stmcufinder\plugins\mcufinder//mcu/cs/
2024-11-03 19:14:23,944 [INFO] ApplicationProperties:184 - Using Application install path: C:\ST\STM32CubeIDE_1.12.0\STM32CubeIDE\plugins\com.st.stm32cube.common.mx_6.12.0.202406281431
2024-11-03 19:14:23,945 [INFO] PluginManage:196 - Search for loadable plugins [exclusion list=, ]
2024-11-03 19:14:23,946 [INFO] PluginManage:310 - Check plugin analytics
2024-11-03 19:14:24,072 [INFO] AnalyticsPlugin:253 - Accepted Software Licenses: STM32CubeMX.6.11.0,STM32CubeMX.6.12.0
2024-11-03 19:14:24,072 [INFO] AnalyticsPlugin:255 - Accepted CMSIS Pack Licenses: STMicroelectronics.X-CUBE-TOUCHGFX.4.23.1
2024-11-03 19:14:24,073 [INFO] AnalyticsPlugin:257 - Accepted Firmware Licenses: FW.H7.1.11.0,FW.G4.1.5.0,FW.F4.1.28.0,FW.L4.1.18.0
2024-11-03 19:14:24,076 [INFO] PluginManage:359 - Loaded plugin analytics (category:tool,tabindex:-1)
2024-11-03 19:14:24,076 [INFO] PluginManage:310 - Check plugin cadmodel
2024-11-03 19:14:24,079 [INFO] CADModel:105 - Init CAD model plugin
2024-11-03 19:14:24,079 [INFO] PluginManage:359 - Loaded plugin cadmodel (category:power,tabindex:5)
2024-11-03 19:14:24,079 [INFO] PluginManage:310 - Check plugin clock
2024-11-03 19:14:24,085 [INFO] PluginManage:359 - Loaded plugin clock (category:base,tabindex:2)
2024-11-03 19:14:24,085 [INFO] PluginManage:310 - Check plugin ddr
2024-11-03 19:14:24,086 [INFO] PluginManage:359 - Loaded plugin ddr (category:tool,tabindex:6)
2024-11-03 19:14:24,086 [INFO] PluginManage:310 - Check plugin filemanager
2024-11-03 19:14:24,199 [INFO] PluginManage:359 - Loaded plugin filemanager (category:base,tabindex:10)
2024-11-03 19:14:24,199 [INFO] PluginManage:310 - Check plugin ipmanager
2024-11-03 19:14:24,205 [INFO] PluginManage:359 - Loaded plugin ipmanager (category:base,tabindex:5)
2024-11-03 19:14:24,205 [INFO] PluginManage:310 - Check plugin lpbam
2024-11-03 19:14:24,215 [INFO] PluginManage:359 - Loaded plugin lpbam (category:base,tabindex:0)
2024-11-03 19:14:24,215 [INFO] PluginManage:310 - Check plugin memorymap
2024-11-03 19:14:24,224 [INFO] PluginManage:359 - Loaded plugin memorymap (category:base,tabindex:4)
2024-11-03 19:14:24,224 [INFO] PluginManage:310 - Check plugin pinoutandconfiguration
2024-11-03 19:14:24,231 [INFO] PluginManage:359 - Loaded plugin pinoutandconfiguration (category:base,tabindex:1)
2024-11-03 19:14:24,231 [INFO] PluginManage:310 - Check plugin pinoutconfig
2024-11-03 19:14:24,295 [WARN] SupportedApi:132 - Cannot load RTOS API schema: s4s-elt-must-match.1: The content of 'definitions' must match (annotation?, (simpleType | complexType)?, (unique | key | keyref)*)). A problem was found starting at: attribute.
2024-11-03 19:14:24,426 [INFO] PluginManage:359 - Loaded plugin pinoutconfig (category:base,tabindex:0)
2024-11-03 19:14:24,427 [INFO] PluginManage:310 - Check plugin power
2024-11-03 19:14:24,438 [INFO] PluginManage:359 - Loaded plugin power (category:power,tabindex:4)
2024-11-03 19:14:24,438 [INFO] PluginManage:310 - Check plugin projectmanager
2024-11-03 19:14:24,459 [INFO] PluginManage:359 - Loaded plugin projectmanager (category:projectmanager,tabindex:4)
2024-11-03 19:14:24,460 [INFO] PluginManage:310 - Check plugin rif
2024-11-03 19:14:24,468 [INFO] PluginManage:359 - Loaded plugin rif (category:base,tabindex:3)
2024-11-03 19:14:24,468 [INFO] PluginManage:310 - Check plugin thirdparty
2024-11-03 19:14:24,619 [INFO] PluginManage:359 - Loaded plugin thirdparty (category:base,tabindex:-1)
2024-11-03 19:14:24,619 [WARN] IntegrityCheckThread:84 - waiting for thirdparty lock release [integrity check]
2024-11-03 19:14:24,620 [INFO] PluginManage:310 - Check plugin tools
2024-11-03 19:14:24,620 [INFO] IntegrityCheckThread:86 - entering critical section [integrity check]
2024-11-03 19:14:24,620 [INFO] ThirdPartyUpdaterWithRetryManager:70 - Updater plugin not ready yet. [1/15]
2024-11-03 19:14:24,622 [INFO] PluginManage:359 - Loaded plugin tools (category:base,tabindex:7)
2024-11-03 19:14:24,622 [INFO] PluginManage:310 - Check plugin tutovideos
2024-11-03 19:14:24,759 [INFO] PluginManage:359 - Loaded plugin tutovideos (category:base,tabindex:-1)
2024-11-03 19:14:24,759 [INFO] PluginManage:310 - Check plugin updater
2024-11-03 19:14:24,771 [INFO] PluginManage:359 - Loaded plugin updater (category:base,tabindex:12)
2024-11-03 19:14:24,771 [INFO] PluginManage:310 - Check plugin userauth
2024-11-03 19:14:24,777 [INFO] UserAuth:113 - Init User Auth plugin
2024-11-03 19:14:24,777 [INFO] PluginManage:359 - Loaded plugin userauth (category:base,tabindex:14)
2024-11-03 19:14:24,778 [INFO] PluginManage:283 - PluginManage : Loaded plugins [18]
2024-11-03 19:14:24,937 [INFO] PinOutPanel:1561 - setPackage(No Configuration,No Configuration)
2024-11-03 19:14:25,015 [INFO] CADModel:165 - CPN selected for project level
2024-11-03 19:14:25,015 [INFO] CADModel:114 - Register for checkConnection events
2024-11-03 19:14:25,028 [INFO] IPUIPlugin:80 - create IPUIPlugin
2024-11-03 19:14:25,029 [INFO] PluginManager:220 - loadIPPluginJar : add adc
2024-11-03 19:14:25,030 [INFO] IPUIPlugin:80 - create IPUIPlugin
2024-11-03 19:14:25,030 [INFO] PluginManager:220 - loadIPPluginJar : add aes
2024-11-03 19:14:25,032 [INFO] IPUIPlugin:80 - create IPUIPlugin
2024-11-03 19:14:25,032 [INFO] PluginManager:220 - loadIPPluginJar : add can
2024-11-03 19:14:25,033 [INFO] IPUIPlugin:80 - create IPUIPlugin
2024-11-03 19:14:25,033 [INFO] PluginManager:220 - loadIPPluginJar : add comp
2024-11-03 19:14:25,034 [INFO] IPUIPlugin:80 - create IPUIPlugin
2024-11-03 19:14:25,034 [INFO] PluginManager:220 - loadIPPluginJar : add cryp
2024-11-03 19:14:25,035 [INFO] IPUIPlugin:80 - create IPUIPlugin
2024-11-03 19:14:25,036 [INFO] PluginManager:220 - loadIPPluginJar : add ddr_ctrl_phy
2024-11-03 19:14:25,037 [INFO] IPUIPlugin:80 - create IPUIPlugin
2024-11-03 19:14:25,037 [INFO] PluginManager:220 - loadIPPluginJar : add dfsdm
2024-11-03 19:14:25,041 [INFO] IPUIPlugin:80 - create IPUIPlugin
2024-11-03 19:14:25,042 [INFO] PluginManager:220 - loadIPPluginJar : add dma
2024-11-03 19:14:25,044 [INFO] IPUIPlugin:80 - create IPUIPlugin
2024-11-03 19:14:25,044 [INFO] PluginManager:220 - loadIPPluginJar : add dma3
2024-11-03 19:14:25,046 [INFO] IPUIPlugin:80 - create IPUIPlugin
2024-11-03 19:14:25,046 [INFO] PluginManager:220 - loadIPPluginJar : add extmemmanager
2024-11-03 19:14:25,047 [INFO] IPUIPlugin:80 - create IPUIPlugin
2024-11-03 19:14:25,047 [INFO] PluginManager:220 - loadIPPluginJar : add fatfs
2024-11-03 19:14:25,049 [INFO] IPUIPlugin:80 - create IPUIPlugin
2024-11-03 19:14:25,049 [INFO] PluginManager:220 - loadIPPluginJar : add fmc
2024-11-03 19:14:25,053 [INFO] IPUIPlugin:80 - create IPUIPlugin
2024-11-03 19:14:25,053 [INFO] PluginManager:220 - loadIPPluginJar : add freertos
2024-11-03 19:14:25,054 [INFO] IPUIPlugin:80 - create IPUIPlugin
2024-11-03 19:14:25,054 [INFO] PluginManager:220 - loadIPPluginJar : add genericplugin
2024-11-03 19:14:25,055 [INFO] IPUIPlugin:80 - create IPUIPlugin
2024-11-03 19:14:25,055 [INFO] PluginManager:220 - loadIPPluginJar : add gfxmmu
2024-11-03 19:14:25,059 [INFO] IPUIPlugin:80 - create IPUIPlugin
2024-11-03 19:14:25,060 [INFO] PluginManager:220 - loadIPPluginJar : add gic
2024-11-03 19:14:25,063 [INFO] IPUIPlugin:80 - create IPUIPlugin
2024-11-03 19:14:25,063 [INFO] PluginManager:220 - loadIPPluginJar : add gpio
2024-11-03 19:14:25,064 [INFO] IPUIPlugin:80 - create IPUIPlugin
2024-11-03 19:14:25,064 [INFO] PluginManager:220 - loadIPPluginJar : add gtzc
2024-11-03 19:14:25,066 [INFO] IPUIPlugin:80 - create IPUIPlugin
2024-11-03 19:14:25,066 [INFO] PluginManager:220 - loadIPPluginJar : add hash
2024-11-03 19:14:25,067 [INFO] IPUIPlugin:80 - create IPUIPlugin
2024-11-03 19:14:25,067 [INFO] PluginManager:220 - loadIPPluginJar : add i2c
2024-11-03 19:14:25,068 [INFO] IPUIPlugin:80 - create IPUIPlugin
2024-11-03 19:14:25,068 [INFO] PluginManager:220 - loadIPPluginJar : add i2s
2024-11-03 19:14:25,070 [INFO] IPUIPlugin:80 - create IPUIPlugin
2024-11-03 19:14:25,070 [INFO] PluginManager:220 - loadIPPluginJar : add i3c
2024-11-03 19:14:25,071 [INFO] IPUIPlugin:80 - create IPUIPlugin
2024-11-03 19:14:25,071 [INFO] PluginManager:220 - loadIPPluginJar : add ipddr
2024-11-03 19:14:25,078 [INFO] IPUIPlugin:80 - create IPUIPlugin
2024-11-03 19:14:25,078 [INFO] PluginManager:220 - loadIPPluginJar : add linkedlist
2024-11-03 19:14:25,080 [INFO] IPUIPlugin:80 - create IPUIPlugin
2024-11-03 19:14:25,080 [INFO] PluginManager:220 - loadIPPluginJar : add lorawan
2024-11-03 19:14:25,081 [INFO] IPUIPlugin:80 - create IPUIPlugin
2024-11-03 19:14:25,081 [INFO] PluginManager:220 - loadIPPluginJar : add ltdc
2024-11-03 19:14:25,085 [INFO] IPUIPlugin:80 - create IPUIPlugin
2024-11-03 19:14:25,085 [INFO] PluginManager:220 - loadIPPluginJar : add mdma
2024-11-03 19:14:25,087 [INFO] IPUIPlugin:80 - create IPUIPlugin
2024-11-03 19:14:25,087 [INFO] PluginManager:220 - loadIPPluginJar : add nvic
2024-11-03 19:14:25,089 [INFO] IPUIPlugin:80 - create IPUIPlugin
2024-11-03 19:14:25,089 [INFO] PluginManager:220 - loadIPPluginJar : add opamp
2024-11-03 19:14:25,090 [INFO] IPUIPlugin:80 - create IPUIPlugin
2024-11-03 19:14:25,091 [INFO] PluginManager:220 - loadIPPluginJar : add openamp
2024-11-03 19:14:25,094 [INFO] IPUIPlugin:80 - create IPUIPlugin
2024-11-03 19:14:25,094 [INFO] PluginManager:220 - loadIPPluginJar : add pdm2pcm
2024-11-03 19:14:25,098 [INFO] IPUIPlugin:80 - create IPUIPlugin
2024-11-03 19:14:25,099 [INFO] PluginManager:220 - loadIPPluginJar : add plateformsettings
2024-11-03 19:14:25,100 [INFO] IPUIPlugin:80 - create IPUIPlugin
2024-11-03 19:14:25,100 [INFO] PluginManager:220 - loadIPPluginJar : add quadspi
2024-11-03 19:14:25,101 [INFO] IPUIPlugin:80 - create IPUIPlugin
2024-11-03 19:14:25,102 [INFO] PluginManager:220 - loadIPPluginJar : add radio
2024-11-03 19:14:25,104 [INFO] IPUIPlugin:80 - create IPUIPlugin
2024-11-03 19:14:25,104 [INFO] PluginManager:220 - loadIPPluginJar : add resmgrutility
2024-11-03 19:14:25,106 [INFO] IPUIPlugin:80 - create IPUIPlugin
2024-11-03 19:14:25,106 [INFO] PluginManager:220 - loadIPPluginJar : add sai
2024-11-03 19:14:25,109 [INFO] IPUIPlugin:80 - create IPUIPlugin
2024-11-03 19:14:25,109 [INFO] PluginManager:220 - loadIPPluginJar : add spi
2024-11-03 19:14:25,113 [INFO] IPUIPlugin:80 - create IPUIPlugin
2024-11-03 19:14:25,113 [INFO] PluginManager:220 - loadIPPluginJar : add stm32_wpan
2024-11-03 19:14:25,114 [INFO] IPUIPlugin:80 - create IPUIPlugin
2024-11-03 19:14:25,114 [INFO] PluginManager:220 - loadIPPluginJar : add tim
2024-11-03 19:14:25,116 [INFO] IPUIPlugin:80 - create IPUIPlugin
2024-11-03 19:14:25,116 [INFO] PluginManager:220 - loadIPPluginJar : add touchsensing
2024-11-03 19:14:25,117 [INFO] IPUIPlugin:80 - create IPUIPlugin
2024-11-03 19:14:25,117 [INFO] PluginManager:220 - loadIPPluginJar : add tracer_emb
2024-11-03 19:14:25,118 [INFO] IPUIPlugin:80 - create IPUIPlugin
2024-11-03 19:14:25,118 [INFO] PluginManager:220 - loadIPPluginJar : add ts
2024-11-03 19:14:25,119 [INFO] IPUIPlugin:80 - create IPUIPlugin
2024-11-03 19:14:25,119 [INFO] PluginManager:220 - loadIPPluginJar : add tsc
2024-11-03 19:14:25,121 [INFO] IPUIPlugin:80 - create IPUIPlugin
2024-11-03 19:14:25,121 [INFO] PluginManager:220 - loadIPPluginJar : add ucpd
2024-11-03 19:14:25,123 [INFO] IPUIPlugin:80 - create IPUIPlugin
2024-11-03 19:14:25,124 [INFO] PluginManager:220 - loadIPPluginJar : add usart
2024-11-03 19:14:25,127 [INFO] IPUIPlugin:80 - create IPUIPlugin
2024-11-03 19:14:25,127 [INFO] PluginManager:220 - loadIPPluginJar : add usbx
2024-11-03 19:14:25,243 [INFO] CADModel:165 - CPN selected for project level
2024-11-03 19:14:25,243 [INFO] CADModel:114 - Register for checkConnection events
2024-11-03 19:14:25,243 [FATAL] Updater:334 - Updater called before beeing initialized
2024-11-03 19:14:25,244 [ERROR] CADModel:125 - Updater not yet initialized, retry later 
2024-11-03 19:14:25,343 [INFO] CADModel:165 - CPN selected for project level
2024-11-03 19:14:25,343 [INFO] CADModel:114 - Register for checkConnection events
2024-11-03 19:14:25,343 [FATAL] Updater:334 - Updater called before beeing initialized
2024-11-03 19:14:25,344 [ERROR] CADModel:125 - Updater not yet initialized, retry later 
2024-11-03 19:14:25,346 [FATAL] Updater:334 - Updater called before beeing initialized
2024-11-03 19:14:25,421 [FATAL] Updater:334 - Updater called before beeing initialized
2024-11-03 19:14:25,424 [INFO] DbMcusAds:53 - JSON generation date=Fri Sep 20 16:04:38 IDT 2024 (1726837478367)
2024-11-03 19:14:25,425 [FATAL] Updater:334 - Updater called before beeing initialized
2024-11-03 19:14:25,449 [WARN] DetailPanel:346 - Failed to get advertising image, set to default
2024-11-03 19:14:25,512 [FATAL] Updater:334 - Updater called before beeing initialized
2024-11-03 19:14:25,513 [FATAL] Updater:334 - Updater called before beeing initialized
2024-11-03 19:14:25,513 [FATAL] Updater:334 - Updater called before beeing initialized
2024-11-03 19:14:25,513 [WARN] DetailPanel:346 - Failed to get advertising image, set to default
2024-11-03 19:14:25,514 [FATAL] Updater:334 - Updater called before beeing initialized
2024-11-03 19:14:25,552 [ERROR] Updater:1164 - MainUpdater not yet initialized. External WinMGr cannot be set.
2024-11-03 19:14:25,553 [INFO] Updater:1100 - Updater Version found : 6.12.0
2024-11-03 19:14:25,570 [INFO] ApplicationProperties:184 - Using Application install path: C:\ST\STM32CubeIDE_1.12.0\STM32CubeIDE\plugins\com.st.stm32cube.common.mx_6.12.0.202406281431
2024-11-03 19:14:26,026 [INFO] MainUpdater:2873 - connection check result : 10
2024-11-03 19:14:26,027 [INFO] MainUpdater:290 - Updater Check For Update Now.
2024-11-03 19:14:26,027 [INFO] MicroXplorer:498 - Change Database Version : DB.6.0.120
2024-11-03 19:14:26,036 [INFO] McuFinderGlobals:63 - Set McuFinder mode to 2 (CubeIDE integrated)
2024-11-03 19:14:26,036 [INFO] UserAuth:417 - Internet connection configuration mode: 1
2024-11-03 19:14:26,063 [INFO] JxBrowserEngine:152 - Initiate JxBrowser Engine with user profile folder
2024-11-03 19:14:26,281 [INFO] CheckServerUpdateThread:120 - End of CheckServer Thread
